{
  "RSpec": {
    "coverage": {
      "/home/henri/RailsProjects/livetags/app/helpers/application_helper.rb": [
        1,
        null
      ],
      "/home/henri/RailsProjects/livetags/app/helpers/static_pages_helper.rb": [
        1,
        null
      ],
      "/home/henri/RailsProjects/livetags/app/controllers/static_pages_controller.rb": [
        1,
        1,
        null,
        null
      ],
      "/home/henri/RailsProjects/livetags/app/controllers/application_controller.rb": [
        1,
        null,
        null,
        1,
        null,
        1,
        1,
        0,
        0,
        0,
        0,
        0,
        null,
        null,
        null,
        1,
        1,
        0,
        null,
        null,
        null,
        null,
        null,
        null,
        null,
        null,
        null,
        null,
        null,
        null,
        null,
        null,
        null,
        null
      ],
      "/home/henri/RailsProjects/livetags/app/models/image.rb": [
        1,
        1,
        null,
        1,
        0,
        null,
        null,
        null
      ],
      "/home/henri/RailsProjects/livetags/app/models/user.rb": [
        1,
        1,
        1,
        null,
        1,
        null,
        1,
        1,
        null,
        1,
        2,
        null,
        null,
        1,
        14,
        14,
        12,
        2,
        10,
        4,
        null,
        null,
        null,
        null,
        1,
        14,
        null,
        null
      ],
      "/home/henri/RailsProjects/livetags/app/controllers/sessions_controller.rb": [
        0,
        0,
        0,
        0,
        0,
        0,
        0,
        0,
        0,
        0,
        0,
        0,
        0,
        0,
        0,
        0,
        0,
        0,
        0,
        0,
        0
      ],
      "/home/henri/RailsProjects/livetags/app/controllers/welcome_controller.rb": [
        0,
        0,
        0,
        0
      ],
      "/home/henri/RailsProjects/livetags/app/controllers/images_controller.rb": [
        0,
        0,
        0,
        0,
        0,
        0,
        0,
        0,
        0,
        0,
        0,
        0,
        0,
        0,
        0,
        0,
        0,
        0,
        0,
        0,
        0,
        0,
        0,
        0,
        0,
        0,
        0,
        0,
        0,
        0,
        0,
        0,
        0,
        0,
        0,
        0,
        0,
        0,
        0,
        0,
        0,
        0,
        0,
        0,
        0,
        0,
        0,
        0,
        0,
        0,
        0
      ],
      "/home/henri/RailsProjects/livetags/app/controllers/users_controller.rb": [
        0,
        0,
        0,
        0,
        0,
        0,
        0,
        0,
        0,
        0,
        0,
        0,
        0,
        0,
        0,
        0,
        0,
        0,
        0,
        0,
        0,
        0,
        0,
        0,
        0,
        0,
        0,
        0,
        0,
        0,
        0,
        0,
        0,
        0,
        0,
        0,
        0,
        0,
        0,
        0,
        0,
        0,
        0,
        0,
        0,
        0,
        0
      ]
    },
    "timestamp": 1459796892
  }
}
